*** Using Compiler 'V6.21', folder: 'C:\Keil_v5\ARM\ARMCLANG\Bin'
Rebuild target 'stm32f405rgt6'
compiling dma.c...
compiling stm32f4xx_hal_timebase_tim.c...
compiling freertos.c...
compiling stm32f4xx_it.c...
compiling i2c.c...
compiling stm32f4xx_hal_msp.c...
compiling usart.c...
compiling gpio.c...
compiling main.c...
compiling tim.c...
assembling startup_stm32f405xx.s...
compiling stm32f4xx_hal_rcc_ex.c...
compiling stm32f4xx_hal_rcc.c...
compiling stm32f4xx_hal_tim_ex.c...
compiling stm32f4xx_hal_flash.c...
compiling stm32f4xx_hal_flash_ramfunc.c...
compiling stm32f4xx_hal_pwr_ex.c...
compiling stm32f4xx_hal_flash_ex.c...
compiling stm32f4xx_hal_pwr.c...
compiling stm32f4xx_hal_dma_ex.c...
compiling stm32f4xx_hal_gpio.c...
compiling stm32f4xx_hal_dma.c...
compiling stm32f4xx_hal_cortex.c...
compiling stm32f4xx_hal_tim.c...
compiling stm32f4xx_hal.c...
compiling stm32f4xx_hal_i2c_ex.c...
compiling stm32f4xx_hal_exti.c...
compiling motor.c...
compiling system_stm32f4xx.c...
compiling pid.c...
compiling breathing_led.c...
compiling croutine.c...
compiling list.c...
compiling ble.c...
compiling event_groups.c...
compiling stm32f4xx_hal_uart.c...
compiling stream_buffer.c...
compiling queue.c...
compiling timers.c...
compiling port.c...
compiling heap_4.c...
compiling tasks.c...
compiling mpu6050.c...
compiling cmsis_os.c...
compiling stm32f4xx_hal_i2c.c...
linking...
Program Size: Code=21384 RO-data=564 RW-data=20 ZI-data=19060  
FromELF: creating hex file...
"stm32f405rgt6\stm32f405rgt6.axf" - 0 Error(s), 0 Warning(s).
Build Time Elapsed:  00:00:03
